<?xml version="1.0" encoding="UTF-8"?>
<testng-results skipped="0" failed="0" ignored="0" total="1" passed="1">
  <reporter-output>
  </reporter-output>
  <suite name="Default suite" duration-ms="8552" started-at="2020-08-05T15:13:11Z" finished-at="2020-08-05T15:13:19Z">
    <groups>
    </groups>
    <test name="Default test" duration-ms="8552" started-at="2020-08-05T15:13:11Z" finished-at="2020-08-05T15:13:19Z">
      <class name="demo.TestClass">
        <test-method status="PASS" signature="test1()[pri:0, instance:demo.TestClass@214b199c]" name="test1" duration-ms="8518" started-at="2020-08-05T15:13:11Z" finished-at="2020-08-05T15:13:19Z">
          <reporter-output>
          </reporter-output>
        </test-method> <!-- test1 -->
      </class> <!-- demo.TestClass -->
    </test> <!-- Default test -->
  </suite> <!-- Default suite -->
</testng-results>
