<?xml version="1.0" encoding="UTF-8"?>
<testng-results skipped="0" failed="0" ignored="0" total="1" passed="1">
  <reporter-output>
  </reporter-output>
  <suite name="Default suite" duration-ms="14994" started-at="2020-08-07T15:02:59Z" finished-at="2020-08-07T15:03:14Z">
    <groups>
    </groups>
    <test name="Default test" duration-ms="14994" started-at="2020-08-07T15:02:59Z" finished-at="2020-08-07T15:03:14Z">
      <class name="dropDownDemo.SelectDropDown">
        <test-method status="PASS" signature="dropDownTest()[pri:0, instance:dropDownDemo.SelectDropDown@1f1c7bf6]" name="dropDownTest" duration-ms="14963" started-at="2020-08-07T15:02:59Z" finished-at="2020-08-07T15:03:14Z">
          <reporter-output>
          </reporter-output>
        </test-method> <!-- dropDownTest -->
      </class> <!-- dropDownDemo.SelectDropDown -->
    </test> <!-- Default test -->
  </suite> <!-- Default suite -->
</testng-results>
